<?xml version="1.0" encoding="UTF-8"?>
<!-- Generated by org.testng.reporters.JUnitReportReporter -->
<testsuite hostname="DU1LSITA112PPH" failures="0" tests="1" name="org.javamailapi.test.EmailAutomationUsingJavaMailAPI" time="1.875" errors="0" timestamp="2023-09-27T15:11:13 GST" skipped="0">
  <testcase classname="org.javamailapi.test.EmailAutomationUsingJavaMailAPI" name="readInboundEmails" time="1.875"/>
  <system-out/>
</testsuite> <!-- org.javamailapi.test.EmailAutomationUsingJavaMailAPI -->
